<?xml version="1.0" encoding="UTF-8"?>
<!-- Generated by org.testng.reporters.JUnitReportReporter -->
<testsuite hostname="USCHNVAIDHE2" failures="0" tests="1" name="streamsLearning.streamIntroduction" time="0.027" errors="0" timestamp="2025-02-08T01:12:41 IST" skipped="0">
  <testcase classname="streamsLearning.streamIntroduction" name="streamCollect" time="0.027"/>
</testsuite> <!-- streamsLearning.streamIntroduction -->
