<?xml version="1.0" encoding="UTF-8"?>
<!-- Generated by org.testng.reporters.JUnitReportReporter -->
<testsuite hostname="USCHNVAIDHE2" failures="0" tests="2" name="streamsLearning.streamIntroduction" time="0.030" errors="0" timestamp="2025-02-07T01:03:02 IST" skipped="0">
  <testcase classname="streamsLearning.streamIntroduction" name="streamFilter" time="0.007"/>
  <testcase classname="streamsLearning.streamIntroduction" name="regular" time="0.023"/>
</testsuite> <!-- streamsLearning.streamIntroduction -->
