<?xml version="1.0" encoding="UTF-8"?>
<!-- Generated by org.testng.reporters.JUnitReportReporter -->
<testsuite hostname="USCHNVAIDHE2" failures="0" tests="2" name="SeleniumLearning.testNGIntroduction" time="0.024" errors="0" timestamp="2025-02-14T13:07:04 IST" skipped="0">
  <testcase classname="SeleniumLearning.testNGIntroduction" name="Demo" time="0.020"/>
  <testcase classname="SeleniumLearning.testNGIntroduction" name="DemoTwo" time="0.004"/>
</testsuite> <!-- SeleniumLearning.testNGIntroduction -->
